<?xml version="1.0" encoding="UTF-8"?>
<testsuite xmlns:xsi="http://www.w3.org/2001/XMLSchema-instance" xsi:noNamespaceSchemaLocation="https://maven.apache.org/surefire/maven-surefire-plugin/xsd/surefire-test-report-3.0.xsd" version="3.0" name="com.api.test.TestRunner" time="23.678" tests="25" errors="0" skipped="0" failures="0">
  <properties>
[...]
</properties>
  <testcase name="Delete a resource #1" classname="Delete" time="1.547"/>
  <testcase name="Delete a resource #2" classname="Delete" time="0.459"/>
  <testcase name="Delete a resource #3" classname="Delete" time="0.453"/>
  <testcase name="Delete a resource #4" classname="Delete" time="0.478"/>
  <testcase name="Delete a resource #5" classname="Delete" time="0.46"/>
  <testcase name="Retrieve resource #1" classname="Get" time="0.973"/>
  <testcase name="Retrieve resource #2" classname="Get" time="0.92"/>
  <testcase name="Retrieve resource #3" classname="Get" time="1.054"/>
  <testcase name="Retrieve resource #4" classname="Get" time="0.913"/>
  <testcase name="Retrieve resource #5" classname="Get" time="0.914"/>
  <testcase name="Modify a resource partially #1" classname="Patch" time="1.615"/>
  <testcase name="Modify a resource partially #2" classname="Patch" time="1.407"/>
  <testcase name="Modify a resource partially #3" classname="Patch" time="1.352"/>
  <testcase name="Modify a resource partially #4" classname="Patch" time="1.404"/>
  <testcase name="Modify a resource partially #5" classname="Patch" time="1.398"/>
  <testcase name="Create new resource #1" classname="Post" time="0.533"/>
  <testcase name="Create new resource #2" classname="Post" time="0.518"/>
  <testcase name="Create new resource #3" classname="Post" time="0.532"/>
  <testcase name="Create new resource #4" classname="Post" time="0.521"/>
  <testcase name="Create new resource #5" classname="Post" time="0.491"/>
  <testcase name="Update an existing resource #1" classname="Put" time="0.497"/>
  <testcase name="Update an existing resource #2" classname="Put" time="0.509"/>
  <testcase name="Update an existing resource #3" classname="Put" time="0.512"/>
  <testcase name="Update an existing resource #4" classname="Put" time="0.515"/>
  <testcase name="Update an existing resource #5" classname="Put" time="0.492"/>
</testsuite>